<?xml version="1.0" encoding="UTF-8"?>
<!-- Generated by org.testng.reporters.JUnitReportReporter -->
<testsuite hostname="DESKTOP-A7PUH0H" name="TestRunnerAPI.TestRunnerAPI" tests="2" failures="0" timestamp="27 May 2023 20:47:25 GMT" time="3.343" errors="0">
  <testcase name="runScenario" time="3.218" classname="TestRunnerAPI.TestRunnerAPI"/>
  <testcase name="runScenario" time="0.125" classname="TestRunnerAPI.TestRunnerAPI"/>
</testsuite> <!-- TestRunnerAPI.TestRunnerAPI -->
