<?xml version="1.0" encoding="UTF-8"?>
<!-- Generated by org.testng.reporters.JUnitReportReporter -->
<testsuite hostname="DESKTOP-A7PUH0H" name="GetAPI" tests="1" failures="0" timestamp="10 May 2023 12:41:48 GMT" time="4.961" errors="0">
  <testcase name="getapi1" time="4.961" classname="GetAPI"/>
</testsuite> <!-- GetAPI -->
