<?xml version="1.0" encoding="UTF-8"?>
<!-- Generated by org.testng.reporters.JUnitReportReporter -->
<testsuite hostname="DESKTOP-A7PUH0H" name="TestRunnerAPI.TestRunnerAPI" tests="2" failures="0" timestamp="19 May 2023 05:49:10 GMT" time="4.550" errors="0">
  <testcase name="runScenario" time="4.396" classname="TestRunnerAPI.TestRunnerAPI"/>
  <testcase name="runScenario" time="0.154" classname="TestRunnerAPI.TestRunnerAPI"/>
</testsuite> <!-- TestRunnerAPI.TestRunnerAPI -->
