<?xml version="1.0" encoding="UTF-8"?>
<!-- Generated by org.testng.reporters.JUnitReportReporter -->
<testsuite hostname="DESKTOP-A7PUH0H" name="GetAPI" tests="1" failures="0" timestamp="18 May 2023 10:54:36 GMT" time="2.177" errors="0">
  <testcase name="getapi1" time="2.177" classname="GetAPI"/>
</testsuite> <!-- GetAPI -->
