<?xml version="1.0" encoding="UTF-8"?>
<!-- Generated by org.testng.reporters.JUnitReportReporter -->
<testsuite hostname="DESKTOP-A7PUH0H" name="TestRunnerAPI.TestRunnerAPI" tests="1" failures="0" timestamp="11 May 2023 17:45:12 GMT" time="2.977" errors="0">
  <testcase name="runScenario" time="2.977" classname="TestRunnerAPI.TestRunnerAPI"/>
</testsuite> <!-- TestRunnerAPI.TestRunnerAPI -->
